\BOOKMARK [0][-]{chapter.1}{\376\377\000I\000n\000t\000r\000o}{}% 1
\BOOKMARK [1][-]{section.1.1}{\376\377\000A\000n\000a\000l\000y\000s\000i\000s\000\040\000l\000a\000b\000s\000\040\000a\000n\000d\000\040\000`\000p\000r\000e\000-\000l\000a\000b\000\040\000w\000o\000r\000k\000'}{chapter.1}% 2
\BOOKMARK [1][-]{section.1.2}{\376\377\000C\000o\000m\000p\000u\000t\000i\000n\000g\000\040\000s\000y\000s\000t\000e\000m\000s}{chapter.1}% 3
\BOOKMARK [1][-]{section.1.3}{\376\377\000O\000t\000h\000e\000r\000\040\000D\000e\000p\000a\000r\000t\000m\000e\000n\000t\000\040\000r\000e\000s\000e\000a\000r\000c\000h\000\040\000s\000y\000s\000t\000e\000m\000s}{chapter.1}% 4
\BOOKMARK [0][-]{chapter.2}{\376\377\000W\000e\000e\000k\000\040\0001\000:\000\040\000I\000n\000t\000r\000o\000d\000u\000c\000t\000i\000o\000n\000\040\000t\000o\000\040\000S\000t\000a\000t\000i\000s\000t\000i\000c\000s\000\040\000w\000i\000t\000h\000\040\000R\000\040\000S\000t\000u\000d\000i\000o}{}% 5
\BOOKMARK [1][-]{section.2.1}{\376\377\000L\000a\000b\000\040\000W\000o\000r\000k}{chapter.2}% 6
\BOOKMARK [0][-]{chapter.3}{\376\377\000W\000e\000e\000k\000\040\0002\000:\000\040\000D\000e\000s\000c\000r\000i\000p\000t\000i\000v\000e\000\040\000s\000t\000a\000t\000i\000s\000t\000i\000c\000s\000\040\000i\000n\000\040\000R\000\040\000S\000t\000u\000d\000i\000o\000*}{}% 7
\BOOKMARK [1][-]{section.3.1}{\376\377\000P\000r\000e\000-\000l\000a\000b\000\040\000w\000o\000r\000k}{chapter.3}% 8
\BOOKMARK [1][-]{section.3.2}{\376\377\000L\000a\000b\000\040\000e\000x\000e\000r\000c\000i\000s\000e\000s}{chapter.3}% 9
\BOOKMARK [1][-]{section.3.3}{\376\377\000E\000x\000t\000r\000a\000\040\000c\000o\000n\000t\000e\000n\000t\000!}{chapter.3}% 10
\BOOKMARK [0][-]{chapter.4}{\376\377\000W\000e\000e\000k\000\040\0003\000:\000\040\000D\000V\000s\000\040\000a\000n\000d\000\040\000I\000V\000s\000\040\000i\000n\000\040\000R\000\040\000S\000t\000u\000d\000i\000o}{}% 11
\BOOKMARK [1][-]{section.4.1}{\376\377\000P\000r\000e\000-\000l\000a\000b\000\040\000w\000o\000r\000k}{chapter.4}% 12
\BOOKMARK [1][-]{section.4.2}{\376\377\000R\000\040\000S\000t\000u\000d\000i\000o\000\040\000t\000a\000s\000k\000s}{chapter.4}% 13
\BOOKMARK [0][-]{chapter.5}{\376\377\000W\000e\000e\000k\000\040\0004\000:\000\040\000Z\000-\000s\000c\000o\000r\000e\000\040\000c\000a\000l\000c\000u\000l\000a\000t\000i\000o\000n\000s\000\040\000a\000n\000d\000\040\000D\000V\000s\000/\000I\000V\000s\000\040\000a\000g\000a\000i\000n}{}% 14
\BOOKMARK [1][-]{section.5.1}{\376\377\000P\000r\000e\000-\000l\000a\000b\000\040\000w\000o\000r\000k}{chapter.5}% 15
\BOOKMARK [1][-]{section.5.2}{\376\377\000R\000\040\000S\000t\000u\000d\000i\000o\000\040\000t\000a\000s\000k\000s}{chapter.5}% 16
\BOOKMARK [1][-]{section.5.3}{\376\377\000Z\000-\000s\000c\000o\000r\000e\000s}{chapter.5}% 17
\BOOKMARK [0][-]{chapter.6}{\376\377\000W\000e\000e\000k\000\040\0006\000:\000\040\000V\000i\000s\000u\000a\000l\000i\000s\000i\000n\000g\000\040\000d\000a\000t\000a\000\040\000a\000n\000d\000\040\000b\000i\000n\000o\000m\000i\000a\000l\000\040\000t\000e\000s\000t\000s}{}% 18
\BOOKMARK [1][-]{section.6.1}{\376\377\000P\000r\000e\000-\000l\000a\000b\000\040\000w\000o\000r\000k\000:\000\040\000o\000n\000l\000i\000n\000e\000\040\000t\000u\000t\000o\000r\000i\000a\000l}{chapter.6}% 19
\BOOKMARK [1][-]{section.6.2}{\376\377\000R\000S\000t\000u\000d\000i\000o\000\040\000T\000a\000s\000k\000\040\0001\000:\000\040\000C\000r\000e\000a\000t\000i\000n\000g\000\040\000a\000\040\000n\000e\000w\000\040\000f\000o\000l\000d\000e\000r\000\040\000a\000n\000d\000\040\000p\000r\000o\000j\000e\000c\000t}{chapter.6}% 20
\BOOKMARK [1][-]{section.6.3}{\376\377\000R\000S\000t\000u\000d\000i\000o\000\040\000T\000a\000s\000k\000\040\0002\000:\000\040\000V\000i\000s\000u\000a\000l\000i\000s\000i\000n\000g\000\040\000p\000h\000o\000n\000e\000\040\000u\000s\000e}{chapter.6}% 21
\BOOKMARK [1][-]{section.6.4}{\376\377\000R\000S\000t\000u\000d\000i\000o\000\040\000T\000a\000s\000k\000\040\0003\000:\000\040\000C\000o\000n\000d\000u\000c\000t\000i\000n\000g\000\040\000a\000\040\000b\000i\000n\000o\000m\000i\000a\000l\000\040\000t\000e\000s\000t}{chapter.6}% 22
\BOOKMARK [1][-]{section.6.5}{\376\377\000E\000x\000t\000r\000a\000\040\000c\000o\000n\000t\000e\000n\000t\000!}{chapter.6}% 23
\BOOKMARK [0][-]{chapter.7}{\376\377\000W\000e\000e\000k\000\040\0007\000:\000\040\000[\000D\000R\000A\000F\000T\000\040\000-\000\040\000d\000o\000\040\000n\000o\000t\000\040\000c\000o\000m\000p\000l\000e\000t\000e\000\040\000y\000e\000t\000]\000\040\000O\000n\000e\000-\000s\000a\000m\000p\000l\000e\000\040\000t\000-\000t\000e\000s\000t\000\040\000o\000n\000\040\000s\000a\000l\000a\000r\000y\000\040\000e\000s\000t\000i\000m\000a\000t\000e\000s}{}% 24
\BOOKMARK [1][-]{section.7.1}{\376\377\000P\000r\000e\000-\000l\000a\000b\000\040\000w\000o\000r\000k\000:\000\040\000o\000n\000l\000i\000n\000e\000\040\000t\000u\000t\000o\000r\000i\000a\000l}{chapter.7}% 25
\BOOKMARK [1][-]{section.7.2}{\376\377\000R\000S\000t\000u\000d\000i\000o\000\040\000T\000a\000s\000k\000\040\0001\000:\000\040\000P\000l\000o\000t\000t\000i\000n\000g\000\040\000a\000n\000d\000\040\000f\000i\000l\000t\000e\000r\000i\000n\000g}{chapter.7}% 26
\BOOKMARK [0][-]{chapter.8}{\376\377\000W\000e\000e\000k\000\040\0007\000:\000\040\000P\000l\000o\000t\000t\000i\000n\000g\000\040\000m\000e\000a\000n\000s\000\040\000a\000n\000d\000\040\000S\000E\000s}{}% 27
\BOOKMARK [1][-]{section.8.1}{\376\377\000P\000r\000e\000-\000l\000a\000b\000\040\000w\000o\000r\000k\000:\000\040\000o\000n\000l\000i\000n\000e\000\040\000t\000u\000t\000o\000r\000i\000a\000l}{chapter.8}% 28
\BOOKMARK [1][-]{section.8.2}{\376\377\000R\000S\000t\000u\000d\000i\000o\000\040\000T\000a\000s\000k\000\040\0001\000:}{chapter.8}% 29
